[debug] [2024-10-23T22:53:51.646Z] ----------------------------------------------------------------------
[debug] [2024-10-23T22:53:51.654Z] Command:       C:\Program Files\nodejs\node.exe C:\Users\alber\AppData\Roaming\npm\node_modules\firebase-tools\lib\bin\firebase.js deploy
[debug] [2024-10-23T22:53:51.655Z] CLI Version:   13.22.1
[debug] [2024-10-23T22:53:51.655Z] Platform:      win32
[debug] [2024-10-23T22:53:51.655Z] Node Version:  v20.17.0
[debug] [2024-10-23T22:53:51.656Z] Time:          Wed Oct 23 2024 18:53:51 GMT-0400 (Atlantic Standard Time)
[debug] [2024-10-23T22:53:51.656Z] ----------------------------------------------------------------------
[debug] 
[debug] [2024-10-23T22:53:51.861Z] > command requires scopes: ["email","openid","https://www.googleapis.com/auth/cloudplatformprojects.readonly","https://www.googleapis.com/auth/firebase","https://www.googleapis.com/auth/cloud-platform"]
[debug] [2024-10-23T22:53:51.862Z] > authorizing via signed-in user (oscaralexander520@gmail.com)
[debug] [2024-10-23T22:53:51.862Z] [iam] checking project games-f0f16 for permissions ["firebase.projects.get","firebasehosting.sites.update"]
[debug] [2024-10-23T22:53:51.865Z] Checked if tokens are valid: false, expires at: 1729685816807
[debug] [2024-10-23T22:53:51.865Z] Checked if tokens are valid: false, expires at: 1729685816807
[debug] [2024-10-23T22:53:51.866Z] > refreshing access token with scopes: []
[debug] [2024-10-23T22:53:51.870Z] >>> [apiv2][query] POST https://www.googleapis.com/oauth2/v3/token [none]
[debug] [2024-10-23T22:53:51.870Z] >>> [apiv2][body] POST https://www.googleapis.com/oauth2/v3/token [omitted]
[debug] [2024-10-23T22:53:52.209Z] <<< [apiv2][status] POST https://www.googleapis.com/oauth2/v3/token 200
[debug] [2024-10-23T22:53:52.210Z] <<< [apiv2][body] POST https://www.googleapis.com/oauth2/v3/token [omitted]
[debug] [2024-10-23T22:53:52.232Z] >>> [apiv2][query] POST https://cloudresourcemanager.googleapis.com/v1/projects/games-f0f16:testIamPermissions [none]
[debug] [2024-10-23T22:53:52.233Z] >>> [apiv2][(partial)header] POST https://cloudresourcemanager.googleapis.com/v1/projects/games-f0f16:testIamPermissions x-goog-quota-user=projects/games-f0f16
[debug] [2024-10-23T22:53:52.233Z] >>> [apiv2][body] POST https://cloudresourcemanager.googleapis.com/v1/projects/games-f0f16:testIamPermissions {"permissions":["firebase.projects.get","firebasehosting.sites.update"]}
[debug] [2024-10-23T22:53:52.601Z] <<< [apiv2][status] POST https://cloudresourcemanager.googleapis.com/v1/projects/games-f0f16:testIamPermissions 200
[debug] [2024-10-23T22:53:52.601Z] <<< [apiv2][body] POST https://cloudresourcemanager.googleapis.com/v1/projects/games-f0f16:testIamPermissions {"permissions":["firebase.projects.get","firebasehosting.sites.update"]}
[debug] [2024-10-23T22:53:52.603Z] Checked if tokens are valid: true, expires at: 1729727631210
[debug] [2024-10-23T22:53:52.603Z] Checked if tokens are valid: true, expires at: 1729727631210
[debug] [2024-10-23T22:53:52.604Z] >>> [apiv2][query] GET https://firebase.googleapis.com/v1beta1/projects/games-f0f16 [none]
[debug] [2024-10-23T22:53:53.006Z] <<< [apiv2][status] GET https://firebase.googleapis.com/v1beta1/projects/games-f0f16 200
[debug] [2024-10-23T22:53:53.006Z] <<< [apiv2][body] GET https://firebase.googleapis.com/v1beta1/projects/games-f0f16 {"projectId":"games-f0f16","projectNumber":"674365220239","displayName":"91games","name":"projects/games-f0f16","resources":{"hostingSite":"games-f0f16"},"state":"ACTIVE","etag":"1_3ac081c5-7129-47a2-bd6b-99b45eef363a"}
[info] 
   Thank you for trying our early preview of Next.js support on Firebase Hosting.
   During the preview, support is best-effort and breaking changes can be expected. Proceed with caution.
   The integration is known to work with Next.js version 12 - 14.0. You may encounter errors.

   Documentation: https://firebase.google.com/docs/hosting/frameworks/nextjs
   File a bug: https://github.com/firebase/firebase-tools/issues/new?template=bug_report.md
   Submit a feature request: https://github.com/firebase/firebase-tools/issues/new?template=feature_request.md

   We'd love to learn from you. Express your interest in helping us shape the future of Firebase Hosting: https://goo.gle/41enW5X

[debug] [2024-10-23T22:54:25.115Z] Checked if tokens are valid: true, expires at: 1729727631210
[debug] [2024-10-23T22:54:25.115Z] Checked if tokens are valid: true, expires at: 1729727631210
[debug] [2024-10-23T22:54:25.115Z] >>> [apiv2][query] GET https://firebasehosting.googleapis.com/v1beta1/projects/games-f0f16/sites/games-f0f16 [none]
[debug] [2024-10-23T22:54:25.812Z] <<< [apiv2][status] GET https://firebasehosting.googleapis.com/v1beta1/projects/games-f0f16/sites/games-f0f16 200
[debug] [2024-10-23T22:54:25.813Z] <<< [apiv2][body] GET https://firebasehosting.googleapis.com/v1beta1/projects/games-f0f16/sites/games-f0f16 {"name":"projects/games-f0f16/sites/games-f0f16","defaultUrl":"https://games-f0f16.web.app","appId":"1:674365220239:web:5f252fa81040b2a91d17fa","type":"DEFAULT_SITE"}
[info]   ▲ Next.js 14.2.6

[info] 

[info]    Creating an optimized production build ...

[info] uncaughtException [Error: EPERM: operation not permitted, open 'C:\Users\alber\Desktop\91games\.next\trace'] {
  errno: -4048,
  code: 'EPERM',
  syscall: 'open',
  path: 'C:\\Users\\alber\\Desktop\\91games\\.next\\trace'
}

[debug] [2024-10-23T22:55:01.802Z] Error: ENOENT: no such file or directory, open 'C:\Users\alber\Desktop\91games\.next\export-marker.json'
[error] 
[error] Error: An unexpected error has occurred.
